 1 2 3 4-Even 5 
 1 2 3 5-Odd 4 
 1 2 4 3-Odd 5 
 1 2 4 5-Even 3 
 1 2 5 4-Odd 3 
 1 2 5 3-Even 4 
 1 3 2 4-Odd 5 
 1 3 2 5-Even 4 
 1 3 4 2-Even 5 
 1 3 4 5-Odd 2 
 1 3 5 4-Even 2 
 1 3 5 2-Odd 4 
 1 4 3 2-Odd 5 
 1 4 3 5-Even 2 
 1 4 2 3-Even 5 
 1 4 2 5-Odd 3 
 1 4 5 2-Even 3 
 1 4 5 3-Odd 2 
 1 5 3 4-Odd 2 
 1 5 3 2-Even 4 
 1 5 4 3-Even 2 
 1 5 4 2-Odd 3 
 1 5 2 4-Even 3 
 1 5 2 3-Odd 4 
 2 1 3 4-Odd 5 
 2 1 3 5-Even 4 
 2 1 4 3-Even 5 
 2 1 4 5-Odd 3 
 2 1 5 4-Even 3 
 2 1 5 3-Odd 4 
 2 3 1 4-Even 5 
 2 3 1 5-Odd 4 
 2 3 4 1-Odd 5 
 2 3 4 5-Even 1 
 2 3 5 4-Odd 1 
 2 3 5 1-Even 4 
 2 4 3 1-Even 5 
 2 4 3 5-Odd 1 
 2 4 1 3-Odd 5 
 2 4 1 5-Even 3 
 2 4 5 1-Odd 3 
 2 4 5 3-Even 1 
 2 5 3 4-Even 1 
 2 5 3 1-Odd 4 
 2 5 4 3-Odd 1 
 2 5 4 1-Even 3 
 2 5 1 4-Odd 3 
 2 5 1 3-Even 4 
 3 2 1 4-Odd 5 
 3 2 1 5-Even 4 
 3 2 4 1-Even 5 
 3 2 4 5-Odd 1 
 3 2 5 4-Even 1 
 3 2 5 1-Odd 4 
 3 1 2 4-Even 5 
 3 1 2 5-Odd 4 
 3 1 4 2-Odd 5 
 3 1 4 5-Even 2 
 3 1 5 4-Odd 2 
 3 1 5 2-Even 4 
 3 4 1 2-Even 5 
 3 4 1 5-Odd 2 
 3 4 2 1-Odd 5 
 3 4 2 5-Even 1 
 3 4 5 2-Odd 1 
 3 4 5 1-Even 2 
 3 5 1 4-Even 2 
 3 5 1 2-Odd 4 
 3 5 4 1-Odd 2 
 3 5 4 2-Even 1 
 3 5 2 4-Odd 1 
 3 5 2 1-Even 4 
 4 2 3 1-Odd 5 
 4 2 3 5-Even 1 
 4 2 1 3-Even 5 
 4 2 1 5-Odd 3 
 4 2 5 1-Even 3 
 4 2 5 3-Odd 1 
 4 3 2 1-Even 5 
 4 3 2 5-Odd 1 
 4 3 1 2-Odd 5 
 4 3 1 5-Even 2 
 4 3 5 1-Odd 2 
 4 3 5 2-Even 1 
 4 1 3 2-Even 5 
 4 1 3 5-Odd 2 
 4 1 2 3-Odd 5 
 4 1 2 5-Even 3 
 4 1 5 2-Odd 3 
 4 1 5 3-Even 2 
 4 5 3 1-Even 2 
 4 5 3 2-Odd 1 
 4 5 1 3-Odd 2 
 4 5 1 2-Even 3 
 4 5 2 1-Odd 3 
 4 5 2 3-Even 1 
 5 2 3 4-Odd 1 
 5 2 3 1-Even 4 
 5 2 4 3-Even 1 
 5 2 4 1-Odd 3 
 5 2 1 4-Even 3 
 5 2 1 3-Odd 4 
 5 3 2 4-Even 1 
 5 3 2 1-Odd 4 
 5 3 4 2-Odd 1 
 5 3 4 1-Even 2 
 5 3 1 4-Odd 2 
 5 3 1 2-Even 4 
 5 4 3 2-Even 1 
 5 4 3 1-Odd 2 
 5 4 2 3-Odd 1 
 5 4 2 1-Even 3 
 5 4 1 2-Odd 3 
 5 4 1 3-Even 2 
 5 1 3 4-Even 2 
 5 1 3 2-Odd 4 
 5 1 4 3-Odd 2 
 5 1 4 2-Even 3 
 5 1 2 4-Odd 3 
 5 1 2 3-Even 4 
 1 2 3 4-Even 5 
 1 2 3 5-Odd 4 
 1 2 4 3-Odd 5 
 1 2 4 5-Even 3 
 1 2 5 4-Odd 3 
 1 2 5 3-Even 4 
 1 3 2 4-Odd 5 
 1 3 2 5-Even 4 
 1 3 4 2-Even 5 
 1 3 4 5-Odd 2 
 1 3 5 4-Even 2 
 1 3 5 2-Odd 4 
 1 4 3 2-Odd 5 
 1 4 3 5-Even 2 
 1 4 2 3-Even 5 
 1 4 2 5-Odd 3 
 1 4 5 2-Even 3 
 1 4 5 3-Odd 2 
 1 5 3 4-Odd 2 
 1 5 3 2-Even 4 
 1 5 4 3-Even 2 
 1 5 4 2-Odd 3 
 1 5 2 4-Even 3 
 1 5 2 3-Odd 4 
 2 1 3 4-Odd 5 
 2 1 3 5-Even 4 
 2 1 4 3-Even 5 
 2 1 4 5-Odd 3 
 2 1 5 4-Even 3 
 2 1 5 3-Odd 4 
 2 3 1 4-Even 5 
 2 3 1 5-Odd 4 
 2 3 4 1-Odd 5 
 2 3 4 5-Even 1 
 2 3 5 4-Odd 1 
 2 3 5 1-Even 4 
 2 4 3 1-Even 5 
 2 4 3 5-Odd 1 
 2 4 1 3-Odd 5 
 2 4 1 5-Even 3 
 2 4 5 1-Odd 3 
 2 4 5 3-Even 1 
 2 5 3 4-Even 1 
 2 5 3 1-Odd 4 
 2 5 4 3-Odd 1 
 2 5 4 1-Even 3 
 2 5 1 4-Odd 3 
 2 5 1 3-Even 4 
 3 2 1 4-Odd 5 
 3 2 1 5-Even 4 
 3 2 4 1-Even 5 
 3 2 4 5-Odd 1 
 3 2 5 4-Even 1 
 3 2 5 1-Odd 4 
 3 1 2 4-Even 5 
 3 1 2 5-Odd 4 
 3 1 4 2-Odd 5 
 3 1 4 5-Even 2 
 3 1 5 4-Odd 2 
 3 1 5 2-Even 4 
 3 4 1 2-Even 5 
 3 4 1 5-Odd 2 
 3 4 2 1-Odd 5 
 3 4 2 5-Even 1 
 3 4 5 2-Odd 1 
 3 4 5 1-Even 2 
 3 5 1 4-Even 2 
 3 5 1 2-Odd 4 
 3 5 4 1-Odd 2 
 3 5 4 2-Even 1 
 3 5 2 4-Odd 1 
 3 5 2 1-Even 4 
 4 2 3 1-Odd 5 
 4 2 3 5-Even 1 
 4 2 1 3-Even 5 
 4 2 1 5-Odd 3 
 4 2 5 1-Even 3 
 4 2 5 3-Odd 1 
 4 3 2 1-Even 5 
 4 3 2 5-Odd 1 
 4 3 1 2-Odd 5 
 4 3 1 5-Even 2 
 4 3 5 1-Odd 2 
 4 3 5 2-Even 1 
 4 1 3 2-Even 5 
 4 1 3 5-Odd 2 
 4 1 2 3-Odd 5 
 4 1 2 5-Even 3 
 4 1 5 2-Odd 3 
 4 1 5 3-Even 2 
 4 5 3 1-Even 2 
 4 5 3 2-Odd 1 
 4 5 1 3-Odd 2 
 4 5 1 2-Even 3 
 4 5 2 1-Odd 3 
 4 5 2 3-Even 1 
 5 2 3 4-Odd 1 
 5 2 3 1-Even 4 
 5 2 4 3-Even 1 
 5 2 4 1-Odd 3 
 5 2 1 4-Even 3 
 5 2 1 3-Odd 4 
 5 3 2 4-Even 1 
 5 3 2 1-Odd 4 
 5 3 4 2-Odd 1 
 5 3 4 1-Even 2 
 5 3 1 4-Odd 2 
 5 3 1 2-Even 4 
 5 4 3 2-Even 1 
 5 4 3 1-Odd 2 
 5 4 2 3-Odd 1 
 5 4 2 1-Even 3 
 5 4 1 2-Odd 3 
 5 4 1 3-Even 2 
 5 1 3 4-Even 2 
 5 1 3 2-Odd 4 
 5 1 4 3-Odd 2 
 5 1 4 2-Even 3 
 5 1 2 4-Odd 3 
 5 1 2 3-Even 4 
